[2025-06-28T16:48:18.438+0000] {local_task_job_runner.py:120} INFO - ::group::Pre task execution logs
[2025-06-28T16:48:18.452+0000] {taskinstance.py:2076} INFO - Dependencies all met for dep_context=non-requeueable deps ti=<TaskInstance: sales_etl.create_table manual__2025-06-28T16:48:13.600538+00:00 [queued]>
[2025-06-28T16:48:18.456+0000] {taskinstance.py:2076} INFO - Dependencies all met for dep_context=requeueable deps ti=<TaskInstance: sales_etl.create_table manual__2025-06-28T16:48:13.600538+00:00 [queued]>
[2025-06-28T16:48:18.456+0000] {taskinstance.py:2306} INFO - Starting attempt 1 of 1
[2025-06-28T16:48:18.463+0000] {taskinstance.py:2330} INFO - Executing <Task(PostgresOperator): create_table> on 2025-06-28 16:48:13.600538+00:00
[2025-06-28T16:48:18.468+0000] {warnings.py:112} WARNING - /home/***/.local/lib/python3.12/site-packages/***/task/task_runner/standard_task_runner.py:61: DeprecationWarning: This process (pid=85) is multi-threaded, use of fork() may lead to deadlocks in the child.
  pid = os.fork()

[2025-06-28T16:48:18.469+0000] {standard_task_runner.py:63} INFO - Started process 87 to run task
[2025-06-28T16:48:18.470+0000] {standard_task_runner.py:90} INFO - Running: ['***', 'tasks', 'run', 'sales_etl', 'create_table', 'manual__2025-06-28T16:48:13.600538+00:00', '--job-id', '3', '--raw', '--subdir', 'DAGS_FOLDER/sales_etl.py', '--cfg-path', '/tmp/tmpiu3h_9hm']
[2025-06-28T16:48:18.471+0000] {standard_task_runner.py:91} INFO - Job 3: Subtask create_table
[2025-06-28T16:48:18.503+0000] {task_command.py:426} INFO - Running <TaskInstance: sales_etl.create_table manual__2025-06-28T16:48:13.600538+00:00 [running]> on host 2c170f0bdbf7
[2025-06-28T16:48:18.560+0000] {taskinstance.py:2648} INFO - Exporting env vars: AIRFLOW_CTX_DAG_OWNER='***' AIRFLOW_CTX_DAG_ID='sales_etl' AIRFLOW_CTX_TASK_ID='create_table' AIRFLOW_CTX_EXECUTION_DATE='2025-06-28T16:48:13.600538+00:00' AIRFLOW_CTX_TRY_NUMBER='1' AIRFLOW_CTX_DAG_RUN_ID='manual__2025-06-28T16:48:13.600538+00:00'
[2025-06-28T16:48:18.561+0000] {taskinstance.py:430} INFO - ::endgroup::
[2025-06-28T16:48:18.561+0000] {sql.py:276} INFO - Executing: 
CREATE TABLE IF NOT EXISTS sales_summary (
    region TEXT,
    total_sales INT
);
[2025-06-28T16:48:18.566+0000] {taskinstance.py:441} INFO - ::group::Post task execution logs
[2025-06-28T16:48:18.571+0000] {taskinstance.py:2905} ERROR - Task failed with exception
Traceback (most recent call last):
  File "/home/airflow/.local/lib/python3.12/site-packages/airflow/models/taskinstance.py", line 465, in _execute_task
    result = _execute_callable(context=context, **execute_callable_kwargs)
             ^^^^^^^^^^^^^^^^^^^^^^^^^^^^^^^^^^^^^^^^^^^^^^^^^^^^^^^^^^^^^
  File "/home/airflow/.local/lib/python3.12/site-packages/airflow/models/taskinstance.py", line 432, in _execute_callable
    return execute_callable(context=context, **execute_callable_kwargs)
           ^^^^^^^^^^^^^^^^^^^^^^^^^^^^^^^^^^^^^^^^^^^^^^^^^^^^^^^^^^^^
  File "/home/airflow/.local/lib/python3.12/site-packages/airflow/models/baseoperator.py", line 401, in wrapper
    return func(self, *args, **kwargs)
           ^^^^^^^^^^^^^^^^^^^^^^^^^^^
  File "/home/airflow/.local/lib/python3.12/site-packages/airflow/providers/common/sql/operators/sql.py", line 277, in execute
    hook = self.get_db_hook()
           ^^^^^^^^^^^^^^^^^^
  File "/home/airflow/.local/lib/python3.12/site-packages/airflow/providers/common/sql/operators/sql.py", line 188, in get_db_hook
    return self._hook
           ^^^^^^^^^^
  File "/usr/local/lib/python3.12/functools.py", line 995, in __get__
    val = self.func(instance)
          ^^^^^^^^^^^^^^^^^^^
  File "/home/airflow/.local/lib/python3.12/site-packages/airflow/providers/common/sql/operators/sql.py", line 150, in _hook
    conn = BaseHook.get_connection(conn_id)
           ^^^^^^^^^^^^^^^^^^^^^^^^^^^^^^^^
  File "/home/airflow/.local/lib/python3.12/site-packages/airflow/hooks/base.py", line 83, in get_connection
    conn = Connection.get_connection_from_secrets(conn_id)
           ^^^^^^^^^^^^^^^^^^^^^^^^^^^^^^^^^^^^^^^^^^^^^^^
  File "/home/airflow/.local/lib/python3.12/site-packages/airflow/models/connection.py", line 519, in get_connection_from_secrets
    raise AirflowNotFoundException(f"The conn_id `{conn_id}` isn't defined")
airflow.exceptions.AirflowNotFoundException: The conn_id `postgres_conn` isn't defined
[2025-06-28T16:48:18.575+0000] {taskinstance.py:1206} INFO - Marking task as FAILED. dag_id=sales_etl, task_id=create_table, run_id=manual__2025-06-28T16:48:13.600538+00:00, execution_date=20250628T164813, start_date=20250628T164818, end_date=20250628T164818
[2025-06-28T16:48:18.582+0000] {standard_task_runner.py:110} ERROR - Failed to execute job 3 for task create_table (The conn_id `postgres_conn` isn't defined; 87)
[2025-06-28T16:48:18.613+0000] {local_task_job_runner.py:240} INFO - Task exited with return code 1
[2025-06-28T16:48:18.621+0000] {warnings.py:112} WARNING - /home/***/.local/lib/python3.12/site-packages/***/models/baseoperator.py:1297: AirflowProviderDeprecationWarning: Call to deprecated class PostgresOperator. (Please use `***.providers.common.sql.operators.sql.SQLExecuteQueryOperator`.Also, you can provide `hook_params={'schema': <database>}`.)
  result = cls.__new__(cls)

[2025-06-28T16:48:18.633+0000] {taskinstance.py:3503} INFO - 0 downstream tasks scheduled from follow-on schedule check
[2025-06-28T16:48:18.636+0000] {local_task_job_runner.py:222} INFO - ::endgroup::
