[2025-06-28T18:32:48.393+0000] {local_task_job_runner.py:120} INFO - ::group::Pre task execution logs
[2025-06-28T18:32:48.446+0000] {taskinstance.py:2076} INFO - Dependencies all met for dep_context=non-requeueable deps ti=<TaskInstance: sales_etl.create_table manual__2025-06-28T18:32:44.978603+00:00 [queued]>
[2025-06-28T18:32:48.458+0000] {taskinstance.py:2076} INFO - Dependencies all met for dep_context=requeueable deps ti=<TaskInstance: sales_etl.create_table manual__2025-06-28T18:32:44.978603+00:00 [queued]>
[2025-06-28T18:32:48.459+0000] {taskinstance.py:2306} INFO - Starting attempt 1 of 1
[2025-06-28T18:32:48.481+0000] {taskinstance.py:2330} INFO - Executing <Task(PostgresOperator): create_table> on 2025-06-28 18:32:44.978603+00:00
[2025-06-28T18:32:48.503+0000] {warnings.py:112} WARNING - /home/***/.local/lib/python3.12/site-packages/***/task/task_runner/standard_task_runner.py:61: DeprecationWarning: This process (pid=1399) is multi-threaded, use of fork() may lead to deadlocks in the child.
  pid = os.fork()

[2025-06-28T18:32:48.505+0000] {standard_task_runner.py:90} INFO - Running: ['***', 'tasks', 'run', 'sales_etl', 'create_table', 'manual__2025-06-28T18:32:44.978603+00:00', '--job-id', '18', '--raw', '--subdir', 'DAGS_FOLDER/sales_etl.py', '--cfg-path', '/tmp/tmp5gmjc5tb']
[2025-06-28T18:32:48.509+0000] {standard_task_runner.py:63} INFO - Started process 1401 to run task
[2025-06-28T18:32:48.509+0000] {standard_task_runner.py:91} INFO - Job 18: Subtask create_table
[2025-06-28T18:32:48.571+0000] {task_command.py:426} INFO - Running <TaskInstance: sales_etl.create_table manual__2025-06-28T18:32:44.978603+00:00 [running]> on host 2c170f0bdbf7
[2025-06-28T18:32:48.745+0000] {taskinstance.py:2648} INFO - Exporting env vars: AIRFLOW_CTX_DAG_OWNER='***' AIRFLOW_CTX_DAG_ID='sales_etl' AIRFLOW_CTX_TASK_ID='create_table' AIRFLOW_CTX_EXECUTION_DATE='2025-06-28T18:32:44.978603+00:00' AIRFLOW_CTX_TRY_NUMBER='1' AIRFLOW_CTX_DAG_RUN_ID='manual__2025-06-28T18:32:44.978603+00:00'
[2025-06-28T18:32:48.751+0000] {taskinstance.py:430} INFO - ::endgroup::
[2025-06-28T18:32:48.753+0000] {sql.py:276} INFO - Executing: 
CREATE TABLE IF NOT EXISTS sales_summary (
    region TEXT,
    total_sales INT
);
[2025-06-28T18:32:48.794+0000] {base.py:84} INFO - Using connection ID 'postgres_conn' for task execution.
[2025-06-28T18:32:48.829+0000] {base.py:84} INFO - Using connection ID 'postgres_conn' for task execution.
[2025-06-28T18:32:48.845+0000] {sql.py:487} INFO - Running statement: 
CREATE TABLE IF NOT EXISTS sales_summary (
    region TEXT,
    total_sales INT
);, parameters: None
[2025-06-28T18:32:48.856+0000] {taskinstance.py:441} INFO - ::group::Post task execution logs
[2025-06-28T18:32:48.877+0000] {taskinstance.py:1206} INFO - Marking task as SUCCESS. dag_id=sales_etl, task_id=create_table, run_id=manual__2025-06-28T18:32:44.978603+00:00, execution_date=20250628T183244, start_date=20250628T183248, end_date=20250628T183248
[2025-06-28T18:32:48.902+0000] {local_task_job_runner.py:240} INFO - Task exited with return code 0
[2025-06-28T18:32:48.916+0000] {warnings.py:112} WARNING - /home/***/.local/lib/python3.12/site-packages/***/models/baseoperator.py:1297: AirflowProviderDeprecationWarning: Call to deprecated class PostgresOperator. (Please use `***.providers.common.sql.operators.sql.SQLExecuteQueryOperator`.Also, you can provide `hook_params={'schema': <database>}`.)
  result = cls.__new__(cls)

[2025-06-28T18:32:48.936+0000] {taskinstance.py:3503} INFO - 1 downstream tasks scheduled from follow-on schedule check
[2025-06-28T18:32:48.940+0000] {local_task_job_runner.py:222} INFO - ::endgroup::
